<?xml version="1.0" encoding="UTF-8"?>
<!-- Generated by org.testng.reporters.JUnitXMLReporter -->
<testsuite hostname="DESKTOP-72M7BDB" failures="1" tests="4" name="ietest" time="7.185" errors="0" timestamp="24 Feb 2021 06:56:17 GMT">
  <testcase classname="parameterization.CrossBrowserTest" name="launchbrowser" time="7.07"/>
  <testcase classname="parameterization.CrossBrowserTest" name="verifyTitle" time="0.038">
    <failure type="java.lang.AssertionError" message="expected [Welcome: Mercury Tours] but found [WebDriver]">
      <![CDATA[java.lang.AssertionError: expected [Welcome: Mercury Tours] but found [WebDriver]
	at parameterization.CrossBrowserTest.verifyTitle(CrossBrowserTest.java:42)
	at java.base/java.util.concurrent.FutureTask.run(FutureTask.java:264)
	at java.base/java.util.concurrent.ThreadPoolExecutor.runWorker(ThreadPoolExecutor.java:1130)
	at java.base/java.util.concurrent.ThreadPoolExecutor$Worker.run(ThreadPoolExecutor.java:630)
	at java.base/java.lang.Thread.run(Thread.java:832)
... Removed 21 stack frames]]>
    </failure>
  </testcase> <!-- verifyTitle -->
  <testcase classname="parameterization.CrossBrowserTest" name="registration" time="0.004"/>
  <testcase classname="parameterization.CrossBrowserTest" name="closeBrowser" time="0.023"/>
</testsuite> <!-- ietest -->
