<?xml version="1.0" encoding="UTF-8"?>
<!-- Generated by org.testng.reporters.JUnitXMLReporter -->
<testsuite hostname="DESKTOP-72M7BDB" failures="3" tests="4" name="crossbrowsertest" time="0.127" errors="0" timestamp="21 Feb 2021 14:50:03 GMT">
  <testcase classname="parameterization.CrossBrowserTest" name="lunchbrowser" time="0.076">
    <failure type="java.lang.IllegalStateException" message="The driver executable does not exist: C:\Drivers\chromedriver_win32\chromedriver.exe">
      <![CDATA[java.lang.IllegalStateException: The driver executable does not exist: C:\Drivers\chromedriver_win32\chromedriver.exe
	at com.google.common.base.Preconditions.checkState(Preconditions.java:585)
	at org.openqa.selenium.remote.service.DriverService.checkExecutable(DriverService.java:146)
	at org.openqa.selenium.remote.service.DriverService.findExecutable(DriverService.java:141)
	at org.openqa.selenium.chrome.ChromeDriverService.access$000(ChromeDriverService.java:35)
	at org.openqa.selenium.chrome.ChromeDriverService$Builder.findDefaultExecutable(ChromeDriverService.java:159)
	at org.openqa.selenium.remote.service.DriverService$Builder.build(DriverService.java:355)
	at org.openqa.selenium.chrome.ChromeDriverService.createDefaultService(ChromeDriverService.java:94)
	at org.openqa.selenium.chrome.ChromeDriver.<init>(ChromeDriver.java:123)
	at parameterization.CrossBrowserTest.lunchbrowser(CrossBrowserTest.java:20)
... Removed 24 stack frames]]>
    </failure>
  </testcase> <!-- lunchbrowser -->
  <testcase classname="parameterization.CrossBrowserTest" name="verifytitle" time="0.001">
    <failure type="java.lang.NullPointerException" message="Cannot invoke &amp;quot;org.openqa.selenium.WebDriver.getTitle()&amp;quot; because &amp;quot;this.driver&amp;quot; is null">
      <![CDATA[java.lang.NullPointerException: Cannot invoke "org.openqa.selenium.WebDriver.getTitle()" because "this.driver" is null
	at parameterization.CrossBrowserTest.verifytitle(CrossBrowserTest.java:37)
... Removed 24 stack frames]]>
    </failure>
  </testcase> <!-- verifytitle -->
  <testcase classname="parameterization.CrossBrowserTest" name="registration" time="0.005"/>
  <testcase classname="parameterization.CrossBrowserTest" name="closebrowser" time="0.002">
    <failure type="java.lang.NullPointerException" message="Cannot invoke &amp;quot;org.openqa.selenium.WebDriver.close()&amp;quot; because &amp;quot;this.driver&amp;quot; is null">
      <![CDATA[java.lang.NullPointerException: Cannot invoke "org.openqa.selenium.WebDriver.close()" because "this.driver" is null
	at parameterization.CrossBrowserTest.closebrowser(CrossBrowserTest.java:47)
... Removed 24 stack frames]]>
    </failure>
  </testcase> <!-- closebrowser -->
</testsuite> <!-- crossbrowsertest -->
