<?xml version="1.0" encoding="UTF-8"?>
<!-- Generated by org.testng.reporters.JUnitXMLReporter -->
<testsuite ignored="21" hostname="DESKTOP-72M7BDB" failures="1" tests="4" name="Sanity" time="193.324" errors="0" timestamp="2021-05-10T19:54:19 IST">
  <testcase classname="com.mystore.testcases.LoginPageTest" name="loginTest" time="13.477"/>
  <testcase classname="com.mystore.testcases.LoginPageTest" name="loginTest" time="14.666">
    <failure type="java.lang.AssertionError" message="expected [http://automationpractice.com/index.php?controller=my-account] but found [http://automationpractice.com/index.php?controller=authentication]">
      <![CDATA[java.lang.AssertionError: expected [http://automationpractice.com/index.php?controller=my-account] but found [http://automationpractice.com/index.php?controller=authentication]
at com.mystore.testcases.LoginPageTest.loginTest(LoginPageTest.java:44)
at java.base/java.util.ArrayList.forEach(ArrayList.java:1511)
... Removed 33 stack frames]]>
    </failure>
  </testcase> <!-- loginTest -->
  <testcase classname="com.mystore.testcases.AddToCartToPageTest" name="addToCartTest" time="34.499"/>
  <testcase classname="com.mystore.testcases.AccountCreationPageTest" name="verifyAccountCreatePageTest" time="17.281"/>
  <testcase classname="com.mystore.base.BaseClass" name="@BeforeSuite beforeSuit" time="0.0">
    <ignored/>
  </testcase> <!-- @BeforeSuite beforeSuit -->
  <testcase classname="com.mystore.base.BaseClass" name="@BeforeSuite beforeSuit" time="0.0">
    <ignored/>
  </testcase> <!-- @BeforeSuite beforeSuit -->
  <testcase classname="com.mystore.base.BaseClass" name="@BeforeSuite beforeSuit" time="0.0">
    <ignored/>
  </testcase> <!-- @BeforeSuite beforeSuit -->
  <testcase classname="com.mystore.base.BaseClass" name="@BeforeSuite beforeSuit" time="0.0">
    <ignored/>
  </testcase> <!-- @BeforeSuite beforeSuit -->
  <testcase classname="com.mystore.base.BaseClass" name="@BeforeSuite beforeSuit" time="0.0">
    <ignored/>
  </testcase> <!-- @BeforeSuite beforeSuit -->
  <testcase classname="com.mystore.base.BaseClass" name="@BeforeSuite beforeSuit" time="0.0">
    <ignored/>
  </testcase> <!-- @BeforeSuite beforeSuit -->
  <testcase classname="com.mystore.base.BaseClass" name="@BeforeSuite beforeSuit" time="0.0">
    <ignored/>
  </testcase> <!-- @BeforeSuite beforeSuit -->
  <testcase classname="com.mystore.testcases.IndexPageTest" name="verifyLogo" time="0.0">
    <ignored/>
  </testcase> <!-- verifyLogo -->
  <testcase classname="com.mystore.testcases.OrderPageTest" name="verifyTotalPrice" time="0.0">
    <ignored/>
  </testcase> <!-- verifyTotalPrice -->
  <testcase classname="com.mystore.base.BaseClass" name="@BeforeTest readConfig" time="0.0">
    <ignored/>
  </testcase> <!-- @BeforeTest readConfig -->
  <testcase classname="com.mystore.base.BaseClass" name="@BeforeTest readConfig" time="0.0">
    <ignored/>
  </testcase> <!-- @BeforeTest readConfig -->
  <testcase classname="com.mystore.base.BaseClass" name="@BeforeTest readConfig" time="0.0">
    <ignored/>
  </testcase> <!-- @BeforeTest readConfig -->
  <testcase classname="com.mystore.base.BaseClass" name="@BeforeTest readConfig" time="0.0">
    <ignored/>
  </testcase> <!-- @BeforeTest readConfig -->
  <testcase classname="com.mystore.base.BaseClass" name="@BeforeTest readConfig" time="0.0">
    <ignored/>
  </testcase> <!-- @BeforeTest readConfig -->
  <testcase classname="com.mystore.base.BaseClass" name="@BeforeTest readConfig" time="0.0">
    <ignored/>
  </testcase> <!-- @BeforeTest readConfig -->
  <testcase classname="com.mystore.base.BaseClass" name="@BeforeTest readConfig" time="0.0">
    <ignored/>
  </testcase> <!-- @BeforeTest readConfig -->
  <testcase classname="com.mystore.testcases.IndexPageTest" name="verifyTitle" time="0.0">
    <ignored/>
  </testcase> <!-- verifyTitle -->
  <testcase classname="com.mystore.testcases.HomePageTest" name="orderHistoryandDetailsTest" time="0.0">
    <ignored/>
  </testcase> <!-- orderHistoryandDetailsTest -->
  <testcase classname="com.mystore.testcases.HomePageTest" name="wishListTest" time="0.0">
    <ignored/>
  </testcase> <!-- wishListTest -->
  <testcase classname="com.mystore.testcases.searchResultPageTest" name="productAvailibilityTest" time="0.0">
    <ignored/>
  </testcase> <!-- productAvailibilityTest -->
  <testcase classname="com.mystore.testcases.EndToEndTest" name="endToEndTest" time="0.0">
    <ignored/>
  </testcase> <!-- endToEndTest -->
</testsuite> <!-- Sanity -->
